<?xml version="1.0" encoding="UTF-8"?>
<testsuite xmlns:xsi="http://www.w3.org/2001/XMLSchema-instance" xsi:noNamespaceSchemaLocation="https://maven.apache.org/surefire/maven-surefire-plugin/xsd/surefire-test-report.xsd" version="3.0.2" name="com.example.RestDemo.RestDemoApplicationTests" time="3.775" tests="1" errors="0" skipped="0" failures="0">
  <properties>
[...]
</properties>
  <testcase name="contextLoads" classname="com.example.RestDemo.RestDemoApplicationTests" time="0.957">
    <system-out><![CDATA[14:26:59.970 [main] INFO org.springframework.test.context.support.AnnotationConfigContextLoaderUtils -- Could not detect default configuration classes for test class [com.example.RestDemo.RestDemoApplicationTests]: RestDemoApplicationTests does not declare any static, non-private, non-final, nested classes annotated with @Configuration.
14:27:00.122 [main] INFO org.springframework.boot.test.context.SpringBootTestContextBootstrapper -- Found @SpringBootConfiguration com.example.RestDemo.RestDemoApplication for test class com.example.RestDemo.RestDemoApplicationTests

  .   ____          _            __ _ _
 /\\ / ___'_ __ _ _(_)_ __  __ _ \ \ \ \
( ( )\___ | '_ | '_| | '_ \/ _` | \ \ \ \
 \\/  ___)| |_)| | | | | || (_| |  ) ) ) )
  '  |____| .__|_| |_|_| |_\__, | / / / /
 =========|_|==============|___/=/_/_/_/

 :: Spring Boot ::                (v3.4.2)

2025-02-21T14:27:00.745+05:30  INFO 19576 --- [RestDemo] [           main] c.e.RestDemo.RestDemoApplicationTests    : Starting RestDemoApplicationTests using Java 17.0.13 with PID 19576 (started by sdevarashetty in C:\Users\sdevarashetty\IdeaProjects\RestDemo)
2025-02-21T14:27:00.747+05:30  INFO 19576 --- [RestDemo] [           main] c.e.RestDemo.RestDemoApplicationTests    : No active profile set, falling back to 1 default profile: "default"
2025-02-21T14:27:02.545+05:30  INFO 19576 --- [RestDemo] [           main] c.e.RestDemo.RestDemoApplicationTests    : Started RestDemoApplicationTests in 2.171 seconds (process running for 3.543)
]]></system-out>
  </testcase>
</testsuite>